<?xml version="1.0" encoding="utf-8"?>
<testsuites time="5.328" tests="51" failures="11">
  <testsuite id="0" name="Source.TestSubmission.dll" tests="51" failures="11" time="5.328">
    <testcase classname="Codenation.Challenge.AccelerationServiceTest" name="Codenation.Challenge.AccelerationServiceTest.Should_Be_Right_Acceleration_When_Find_By_Id(id: 1)" time="1.1240000" />
    <testcase classname="Codenation.Challenge.AccelerationServiceTest" name="Codenation.Challenge.AccelerationServiceTest.Should_Be_Right_Acceleration_When_Find_By_Id(id: 2)" time="0.0080000" />
    <testcase classname="Codenation.Challenge.AccelerationServiceTest" name="Codenation.Challenge.AccelerationServiceTest.Should_Be_Right_Acceleration_When_Find_By_Id(id: 3)" time="0.0010000" />
    <testcase classname="Codenation.Challenge.AccelerationServiceTest" name="Codenation.Challenge.AccelerationServiceTest.Should_Update_The_Acceleration_When_Save" time="0.0070000" />
    <testcase classname="Codenation.Challenge.AccelerationServiceTest" name="Codenation.Challenge.AccelerationServiceTest.Should_Be_Right_Accelerations_When_Find_By_Company_Id(companyId: 1)" time="0.0600000" />
    <testcase classname="Codenation.Challenge.AccelerationServiceTest" name="Codenation.Challenge.AccelerationServiceTest.Should_Be_Right_Accelerations_When_Find_By_Company_Id(companyId: 2)" time="0.0120000" />
    <testcase classname="Codenation.Challenge.AccelerationServiceTest" name="Codenation.Challenge.AccelerationServiceTest.Should_Add_New_Acceleration_When_Save" time="0.0020000" />
    <testcase classname="Codenation.Challenge.CandidateServiceTest" name="Codenation.Challenge.CandidateServiceTest.Should_Be_Right_Candidates_When_Find_By_Company_Id(companyId: 2)" time="0.0450000" />
    <testcase classname="Codenation.Challenge.CandidateServiceTest" name="Codenation.Challenge.CandidateServiceTest.Should_Be_Right_Candidates_When_Find_By_Company_Id(companyId: 3)" time="0.0030000" />
    <testcase classname="Codenation.Challenge.CandidateServiceTest" name="Codenation.Challenge.CandidateServiceTest.Should_Be_Right_Candidates_When_Find_By_Company_Id(companyId: 1)" time="0.0020000" />
    <testcase classname="Codenation.Challenge.CandidateServiceTest" name="Codenation.Challenge.CandidateServiceTest.Should_Be_Right_Candidates_When_Find_By_Accelaration_Id(accelerationId: 2)" time="0.0440000" />
    <testcase classname="Codenation.Challenge.CandidateServiceTest" name="Codenation.Challenge.CandidateServiceTest.Should_Be_Right_Candidates_When_Find_By_Accelaration_Id(accelerationId: 3)" time="0.0040000" />
    <testcase classname="Codenation.Challenge.CandidateServiceTest" name="Codenation.Challenge.CandidateServiceTest.Should_Be_Right_Candidates_When_Find_By_Accelaration_Id(accelerationId: 1)" time="0.0060000" />
    <testcase classname="Codenation.Challenge.CandidateServiceTest" name="Codenation.Challenge.CandidateServiceTest.Should_Be_Right_Candidate_When_Find_By_Id(userId: 2, accelerationId: 2, companyId: 2)" time="0.0130000" />
    <testcase classname="Codenation.Challenge.CandidateServiceTest" name="Codenation.Challenge.CandidateServiceTest.Should_Be_Right_Candidate_When_Find_By_Id(userId: 3, accelerationId: 3, companyId: 3)" time="0.0010000" />
    <testcase classname="Codenation.Challenge.CandidateServiceTest" name="Codenation.Challenge.CandidateServiceTest.Should_Be_Right_Candidate_When_Find_By_Id(userId: 1, accelerationId: 1, companyId: 1)" time="0.0010000" />
    <testcase classname="Codenation.Challenge.CandidateServiceTest" name="Codenation.Challenge.CandidateServiceTest.Should_Update_The_Candidate_When_Save" time="0.0150000">
      <error message="System.InvalidOperationException : The instance of entity type 'Candidate' cannot be tracked because another instance with the same key value for {'UserId', 'AccelerationId', 'CompanyId'} is already being tracked. When attaching existing entities, ensure that only one entity instance with a given key value is attached. Consider using 'DbContextOptionsBuilder.EnableSensitiveDataLogging' to see the conflicting key values.">   at Microsoft.EntityFrameworkCore.ChangeTracking.Internal.IdentityMap`1.ThrowIdentityConflict(InternalEntityEntry entry)
   at Microsoft.EntityFrameworkCore.ChangeTracking.Internal.IdentityMap`1.Add(TKey key, InternalEntityEntry entry, Boolean updateDuplicate)
   at Microsoft.EntityFrameworkCore.ChangeTracking.Internal.StateManager.StartTracking(InternalEntityEntry entry)
   at Microsoft.EntityFrameworkCore.ChangeTracking.Internal.InternalEntityEntry.SetEntityState(EntityState oldState, EntityState newState, Boolean acceptChanges)
   at Microsoft.EntityFrameworkCore.ChangeTracking.Internal.EntityGraphAttacher.PaintAction(EntityEntryGraphNode node, Boolean force)
   at Microsoft.EntityFrameworkCore.ChangeTracking.Internal.EntityEntryGraphIterator.TraverseGraph[TState](EntityEntryGraphNode node, TState state, Func`3 handleNode)
   at Microsoft.EntityFrameworkCore.DbContext.SetEntityState[TEntity](TEntity entity, EntityState entityState)
   at Codenation.Challenge.Services.CandidateService.Save(Candidate candidate) in C:\Users\Vidigal\codenation\csharp-8\Source\Services\CandidateService.cs:line 54
   at Codenation.Challenge.CandidateServiceTest.Should_Update_The_Candidate_When_Save() in C:\Users\Vidigal\codenation\csharp-8\Source.TestSubmission\CandidateServiceTest.cs:line 120</error>
    </testcase>
    <testcase classname="Codenation.Challenge.CandidateServiceTest" name="Codenation.Challenge.CandidateServiceTest.Should_Add_New_Candidate_When_Save" time="0.0020000" />
    <testcase classname="Codenation.Challenge.ChallengeServiceTest" name="Codenation.Challenge.ChallengeServiceTest.Should_Add_New_Challenge_When_Save" time="0.9790000" />
    <testcase classname="Codenation.Challenge.ChallengeServiceTest" name="Codenation.Challenge.ChallengeServiceTest.Should_Be_Right_Challenges_When_Find_By_Accelartion_And_User(accelerationId: 1, userId: 1)" time="0.2170000" />
    <testcase classname="Codenation.Challenge.ChallengeServiceTest" name="Codenation.Challenge.ChallengeServiceTest.Should_Be_Right_Challenges_When_Find_By_Accelartion_And_User(accelerationId: 3, userId: 3)" time="0.0120000" />
    <testcase classname="Codenation.Challenge.ChallengeServiceTest" name="Codenation.Challenge.ChallengeServiceTest.Should_Be_Right_Challenges_When_Find_By_Accelartion_And_User(accelerationId: 2, userId: 2)" time="0.0030000" />
    <testcase classname="Codenation.Challenge.ChallengeServiceTest" name="Codenation.Challenge.ChallengeServiceTest.Should_Update_The_Challenge_When_Save" time="0.0020000" />
    <testcase classname="Codenation.Challenge.CompanyServiceTest" name="Codenation.Challenge.CompanyServiceTest.Should_Be_Right_Companies_When_Find_By_Accelaration_Id(accelerationId: 2)" time="1.2270000">
      <error message="Assert.Equal() Failure&#xD;&#xA;Expected: List&lt;Company&gt; [Company { Candidates = null, CreatedAt = 2019-04-30T02:41:10.0000000, Id = 2, Name = &quot;Halvorson LLC&quot;, Slug = &quot;pmattack1-hsantus1&quot; }, Company { Candidates = null, CreatedAt = 2019-06-13T23:22:48.0000000, Id = 1, Name = &quot;Keeling-Ward&quot;, Slug = &quot;dgirardoni0-jscola0&quot; }, Company { Candidates = null, CreatedAt = 2019-01-09T12:28:27.0000000, Id = 5, Name = &quot;Sipes and Sons&quot;, Slug = &quot;bdubarry4-medgeller4&quot; }, Company { Candidates = null, CreatedAt = 2019-06-22T22:02:15.0000000, Id = 6, Name = &quot;Mohr, Schoen and Bogisich&quot;, Slug = &quot;mgreve5-troadknight5&quot; }]&#xD;&#xA;Actual:   List&lt;Company&gt; [Company { Candidates = null, CreatedAt = 2019-06-13T23:22:48.0000000, Id = 1, Name = &quot;Keeling-Ward&quot;, Slug = &quot;dgirardoni0-jscola0&quot; }, Company { Candidates = null, CreatedAt = 2019-04-30T02:41:10.0000000, Id = 2, Name = &quot;Halvorson LLC&quot;, Slug = &quot;pmattack1-hsantus1&quot; }, Company { Candidates = null, CreatedAt = 2019-01-09T12:28:27.0000000, Id = 5, Name = &quot;Sipes and Sons&quot;, Slug = &quot;bdubarry4-medgeller4&quot; }, Company { Candidates = null, CreatedAt = 2019-06-22T22:02:15.0000000, Id = 6, Name = &quot;Mohr, Schoen and Bogisich&quot;, Slug = &quot;mgreve5-troadknight5&quot; }]">   at Codenation.Challenge.CompanyServiceTest.Should_Be_Right_Companies_When_Find_By_Accelaration_Id(Int32 accelerationId) in C:\Users\Vidigal\codenation\csharp-8\Source.TestSubmission\CompanyServiceTest.cs:line 58</error>
    </testcase>
    <testcase classname="Codenation.Challenge.CompanyServiceTest" name="Codenation.Challenge.CompanyServiceTest.Should_Be_Right_Companies_When_Find_By_Accelaration_Id(accelerationId: 1)" time="0.0030000" />
    <testcase classname="Codenation.Challenge.CompanyServiceTest" name="Codenation.Challenge.CompanyServiceTest.Should_Add_New_Company_When_Save" time="0.0070000" />
    <testcase classname="Codenation.Challenge.CompanyServiceTest" name="Codenation.Challenge.CompanyServiceTest.Should_Be_Right_Companies_When_Find_By_User_Id(userId: 1)" time="0.0480000" />
    <testcase classname="Codenation.Challenge.CompanyServiceTest" name="Codenation.Challenge.CompanyServiceTest.Should_Be_Right_Companies_When_Find_By_User_Id(userId: 3)" time="0.0060000">
      <error message="Assert.Equal() Failure&#xD;&#xA;Expected: List&lt;Company&gt; [Company { Candidates = null, CreatedAt = 2018-12-28T10:20:48.0000000, Id = 3, Name = &quot;Schuster, Hoeger and Abshire&quot;, Slug = &quot;vlorenzin2-bvitall2&quot; }, Company { Candidates = null, CreatedAt = 2019-04-30T02:41:10.0000000, Id = 2, Name = &quot;Halvorson LLC&quot;, Slug = &quot;pmattack1-hsantus1&quot; }]&#xD;&#xA;Actual:   List&lt;Company&gt; [Company { Candidates = null, CreatedAt = 2019-04-30T02:41:10.0000000, Id = 2, Name = &quot;Halvorson LLC&quot;, Slug = &quot;pmattack1-hsantus1&quot; }, Company { Candidates = null, CreatedAt = 2018-12-28T10:20:48.0000000, Id = 3, Name = &quot;Schuster, Hoeger and Abshire&quot;, Slug = &quot;vlorenzin2-bvitall2&quot; }]">   at Codenation.Challenge.CompanyServiceTest.Should_Be_Right_Companies_When_Find_By_User_Id(Int32 userId) in C:\Users\Vidigal\codenation\csharp-8\Source.TestSubmission\CompanyServiceTest.cs:line 89</error>
    </testcase>
    <testcase classname="Codenation.Challenge.CompanyServiceTest" name="Codenation.Challenge.CompanyServiceTest.Should_Be_Right_Companies_When_Find_By_User_Id(userId: 2)" time="0.0040000">
      <error message="Assert.Equal() Failure&#xD;&#xA;Expected: List&lt;Company&gt; [Company { Candidates = null, CreatedAt = 2019-04-30T02:41:10.0000000, Id = 2, Name = &quot;Halvorson LLC&quot;, Slug = &quot;pmattack1-hsantus1&quot; }, Company { Candidates = null, CreatedAt = 2019-06-13T23:22:48.0000000, Id = 1, Name = &quot;Keeling-Ward&quot;, Slug = &quot;dgirardoni0-jscola0&quot; }]&#xD;&#xA;Actual:   List&lt;Company&gt; [Company { Candidates = null, CreatedAt = 2019-06-13T23:22:48.0000000, Id = 1, Name = &quot;Keeling-Ward&quot;, Slug = &quot;dgirardoni0-jscola0&quot; }, Company { Candidates = null, CreatedAt = 2019-04-30T02:41:10.0000000, Id = 2, Name = &quot;Halvorson LLC&quot;, Slug = &quot;pmattack1-hsantus1&quot; }]">   at Codenation.Challenge.CompanyServiceTest.Should_Be_Right_Companies_When_Find_By_User_Id(Int32 userId) in C:\Users\Vidigal\codenation\csharp-8\Source.TestSubmission\CompanyServiceTest.cs:line 89</error>
    </testcase>
    <testcase classname="Codenation.Challenge.CompanyServiceTest" name="Codenation.Challenge.CompanyServiceTest.Should_Be_Right_Company_When_Find_By_Id(id: 3)" time="0.0120000" />
    <testcase classname="Codenation.Challenge.CompanyServiceTest" name="Codenation.Challenge.CompanyServiceTest.Should_Be_Right_Company_When_Find_By_Id(id: 2)" time="0.0010000" />
    <testcase classname="Codenation.Challenge.CompanyServiceTest" name="Codenation.Challenge.CompanyServiceTest.Should_Be_Right_Company_When_Find_By_Id(id: 1)" time="0.0010000" />
    <testcase classname="Codenation.Challenge.CompanyServiceTest" name="Codenation.Challenge.CompanyServiceTest.Should_Update_The_Company_When_Save" time="0.0020000" />
    <testcase classname="Codenation.Challenge.SubmissionServiceTest" name="Codenation.Challenge.SubmissionServiceTest.Should_Add_New_Submission_When_Save" time="0.0100000" />
    <testcase classname="Codenation.Challenge.SubmissionServiceTest" name="Codenation.Challenge.SubmissionServiceTest.Should_Be_Right_Submissions_When_Find_By_Challenge_And_Acceleration(challengeId: 3, accelerationId: 3)" time="0.0390000">
      <error message="Assert.Equal() Failure&#xD;&#xA;Expected: List&lt;Submission&gt; [Submission { Challenge = null, ChallengeId = 3, CreatedAt = 2019-03-20T11:22:20.0000000, Score = 26,81, User = null, ... }, Submission { Challenge = null, ChallengeId = 3, CreatedAt = 2018-09-01T22:13:02.0000000, Score = 79,22, User = null, ... }]&#xD;&#xA;Actual:   List&lt;Submission&gt; []">   at Codenation.Challenge.SubmissionServiceTest.Should_Be_Right_Submissions_When_Find_By_Challenge_And_Acceleration(Int32 challengeId, Int32 accelerationId) in C:\Users\Vidigal\codenation\csharp-8\Source.TestSubmission\SubmissionServiceTest.cs:line 63</error>
    </testcase>
    <testcase classname="Codenation.Challenge.SubmissionServiceTest" name="Codenation.Challenge.SubmissionServiceTest.Should_Be_Right_Submissions_When_Find_By_Challenge_And_Acceleration(challengeId: 1, accelerationId: 1)" time="0.0090000">
      <error message="Assert.Equal() Failure&#xD;&#xA;Expected: List&lt;Submission&gt; [Submission { Challenge = null, ChallengeId = 1, CreatedAt = 2019-08-08T07:34:56.0000000, Score = 91,13, User = null, ... }]&#xD;&#xA;Actual:   List&lt;Submission&gt; []">   at Codenation.Challenge.SubmissionServiceTest.Should_Be_Right_Submissions_When_Find_By_Challenge_And_Acceleration(Int32 challengeId, Int32 accelerationId) in C:\Users\Vidigal\codenation\csharp-8\Source.TestSubmission\SubmissionServiceTest.cs:line 63</error>
    </testcase>
    <testcase classname="Codenation.Challenge.SubmissionServiceTest" name="Codenation.Challenge.SubmissionServiceTest.Should_Be_Right_Submissions_When_Find_By_Challenge_And_Acceleration(challengeId: 2, accelerationId: 2)" time="0.0060000">
      <error message="Assert.Equal() Failure&#xD;&#xA;Expected: List&lt;Submission&gt; [Submission { Challenge = null, ChallengeId = 2, CreatedAt = 2019-08-05T05:28:00.0000000, Score = 1,19, User = null, ... }, Submission { Challenge = null, ChallengeId = 2, CreatedAt = 2019-04-02T11:41:42.0000000, Score = 50,0, User = null, ... }]&#xD;&#xA;Actual:   List&lt;Submission&gt; []">   at Codenation.Challenge.SubmissionServiceTest.Should_Be_Right_Submissions_When_Find_By_Challenge_And_Acceleration(Int32 challengeId, Int32 accelerationId) in C:\Users\Vidigal\codenation\csharp-8\Source.TestSubmission\SubmissionServiceTest.cs:line 63</error>
    </testcase>
    <testcase classname="Codenation.Challenge.SubmissionServiceTest" name="Codenation.Challenge.SubmissionServiceTest.Should_Be_Higher_Score_When_Get_By_Challenge_Id(challengeId: 3)" time="0.0740000">
      <error message="Assert.Equal() Failure&#xD;&#xA;Expected: 79,22&#xD;&#xA;Actual:   91,13">   at Codenation.Challenge.SubmissionServiceTest.Should_Be_Higher_Score_When_Get_By_Challenge_Id(Int32 challengeId) in C:\Users\Vidigal\codenation\csharp-8\Source.TestSubmission\SubmissionServiceTest.cs:line 31</error>
    </testcase>
    <testcase classname="Codenation.Challenge.SubmissionServiceTest" name="Codenation.Challenge.SubmissionServiceTest.Should_Be_Higher_Score_When_Get_By_Challenge_Id(challengeId: 1)" time="0.0050000" />
    <testcase classname="Codenation.Challenge.SubmissionServiceTest" name="Codenation.Challenge.SubmissionServiceTest.Should_Be_Higher_Score_When_Get_By_Challenge_Id(challengeId: 2)" time="0.0020000">
      <error message="Assert.Equal() Failure&#xD;&#xA;Expected: 50,0&#xD;&#xA;Actual:   91,13">   at Codenation.Challenge.SubmissionServiceTest.Should_Be_Higher_Score_When_Get_By_Challenge_Id(Int32 challengeId) in C:\Users\Vidigal\codenation\csharp-8\Source.TestSubmission\SubmissionServiceTest.cs:line 31</error>
    </testcase>
    <testcase classname="Codenation.Challenge.SubmissionServiceTest" name="Codenation.Challenge.SubmissionServiceTest.Should_Update_The_Sumission_When_Save" time="0.0030000">
      <error message="System.InvalidOperationException : The instance of entity type 'Submission' cannot be tracked because another instance with the same key value for {'UserId', 'ChallengeId'} is already being tracked. When attaching existing entities, ensure that only one entity instance with a given key value is attached. Consider using 'DbContextOptionsBuilder.EnableSensitiveDataLogging' to see the conflicting key values.">   at Microsoft.EntityFrameworkCore.ChangeTracking.Internal.IdentityMap`1.ThrowIdentityConflict(InternalEntityEntry entry)
   at Microsoft.EntityFrameworkCore.ChangeTracking.Internal.IdentityMap`1.Add(TKey key, InternalEntityEntry entry, Boolean updateDuplicate)
   at Microsoft.EntityFrameworkCore.ChangeTracking.Internal.StateManager.StartTracking(InternalEntityEntry entry)
   at Microsoft.EntityFrameworkCore.ChangeTracking.Internal.InternalEntityEntry.SetEntityState(EntityState oldState, EntityState newState, Boolean acceptChanges)
   at Microsoft.EntityFrameworkCore.ChangeTracking.Internal.EntityGraphAttacher.PaintAction(EntityEntryGraphNode node, Boolean force)
   at Microsoft.EntityFrameworkCore.ChangeTracking.Internal.EntityEntryGraphIterator.TraverseGraph[TState](EntityEntryGraphNode node, TState state, Func`3 handleNode)
   at Microsoft.EntityFrameworkCore.DbContext.SetEntityState[TEntity](TEntity entity, EntityState entityState)
   at Codenation.Challenge.Services.SubmissionService.Save(Submission submission) in C:\Users\Vidigal\codenation\csharp-8\Source\Services\SubmissionsService.cs:line 46
   at Codenation.Challenge.SubmissionServiceTest.Should_Update_The_Sumission_When_Save() in C:\Users\Vidigal\codenation\csharp-8\Source.TestSubmission\SubmissionServiceTest.cs:line 99</error>
    </testcase>
    <testcase classname="Codenation.Challenge.UserServiceTest" name="Codenation.Challenge.UserServiceTest.Should_Be_Right_Users_When_Find_By_Accelaration_Name(accelerationName: &quot;Velvet Grass&quot;)" time="1.2010000" />
    <testcase classname="Codenation.Challenge.UserServiceTest" name="Codenation.Challenge.UserServiceTest.Should_Be_Right_Users_When_Find_By_Accelaration_Name(accelerationName: &quot;Progesterone&quot;)" time="0.0330000">
      <error message="Assert.Equal() Failure&#xD;&#xA;Expected: List&lt;User&gt; [User { Candidates = null, CreatedAt = 2018-08-25T17:45:58.0000000, Email = &quot;vcowwell1@lycos.com&quot;, FullName = &quot;Vivia Cowwell&quot;, Id = 2, ... }, User { Candidates = null, CreatedAt = 2019-06-17T06:35:28.0000000, Email = &quot;ccapaldi0@exblog.jp&quot;, FullName = &quot;Chlo Capaldi&quot;, Id = 1, ... }, User { Candidates = null, CreatedAt = 2018-10-16T03:16:12.0000000, Email = &quot;msteanyng4@japanpost.jp&quot;, FullName = &quot;Mignon Steanyng&quot;, Id = 5, ... }, User { Candidates = null, CreatedAt = 2018-09-01T04:43:42.0000000, Email = &quot;rsegoe5@yale.edu&quot;, FullName = &quot;Rona Segoe&quot;, Id = 6, ... }]&#xD;&#xA;Actual:   List&lt;User&gt; [User { Candidates = null, CreatedAt = 2019-06-17T06:35:28.0000000, Email = &quot;ccapaldi0@exblog.jp&quot;, FullName = &quot;Chlo Capaldi&quot;, Id = 1, ... }, User { Candidates = null, CreatedAt = 2018-08-25T17:45:58.0000000, Email = &quot;vcowwell1@lycos.com&quot;, FullName = &quot;Vivia Cowwell&quot;, Id = 2, ... }, User { Candidates = null, CreatedAt = 2018-10-16T03:16:12.0000000, Email = &quot;msteanyng4@japanpost.jp&quot;, FullName = &quot;Mignon Steanyng&quot;, Id = 5, ... }, User { Candidates = null, CreatedAt = 2018-09-01T04:43:42.0000000, Email = &quot;rsegoe5@yale.edu&quot;, FullName = &quot;Rona Segoe&quot;, Id = 6, ... }]">   at Codenation.Challenge.UserServiceTest.Should_Be_Right_Users_When_Find_By_Accelaration_Name(String accelerationName) in C:\Users\Vidigal\codenation\csharp-8\Source.TestSubmission\UserServiceTest.cs:line 58</error>
    </testcase>
    <testcase classname="Codenation.Challenge.UserServiceTest" name="Codenation.Challenge.UserServiceTest.Should_Be_Right_Users_When_Find_By_Company_Id(companyId: 3)" time="0.0400000" />
    <testcase classname="Codenation.Challenge.UserServiceTest" name="Codenation.Challenge.UserServiceTest.Should_Be_Right_Users_When_Find_By_Company_Id(companyId: 1)" time="0.0030000" />
    <testcase classname="Codenation.Challenge.UserServiceTest" name="Codenation.Challenge.UserServiceTest.Should_Be_Right_Users_When_Find_By_Company_Id(companyId: 2)" time="0.0030000" />
    <testcase classname="Codenation.Challenge.UserServiceTest" name="Codenation.Challenge.UserServiceTest.Should_Return_Right_User_When_Find_By_Id(id: 1)" time="0.0120000" />
    <testcase classname="Codenation.Challenge.UserServiceTest" name="Codenation.Challenge.UserServiceTest.Should_Return_Right_User_When_Find_By_Id(id: 3)" time="0.0010000" />
    <testcase classname="Codenation.Challenge.UserServiceTest" name="Codenation.Challenge.UserServiceTest.Should_Return_Right_User_When_Find_By_Id(id: 2)" time="0.0010000" />
    <testcase classname="Codenation.Challenge.UserServiceTest" name="Codenation.Challenge.UserServiceTest.Should_Add_New_User_When_Save" time="0.0020000" />
    <testcase classname="Codenation.Challenge.UserServiceTest" name="Codenation.Challenge.UserServiceTest.Should_Update_The_User_When_Save" time="0.0100000" />
  </testsuite>
</testsuites>